<?xml version="1.0" encoding="UTF-8"?>
<robot generator="Robot 3.0.2 (Python 3.6.3 on win32)" generated="20171125 14:29:54.637">
<suite id="s1" name="Register.Spec" source="D:\58160702\06-register-robot\test\register.spec.robot">
<test id="s1-t1" name="Check all required fields in registration form">
<kw name="Open Browser" library="SeleniumLibrary">
<doc>Opens a new browser instance to the given ``url``.</doc>
<arguments>
<arg>http://angsila.cs.buu.ac.th/~wittawas/601/887240/labs/testdemo/index.php/register</arg>
<arg>chrome</arg>
</arguments>
<msg timestamp="20171125 14:29:54.729" level="INFO">Opening browser 'chrome' to base url 'http://angsila.cs.buu.ac.th/~wittawas/601/887240/labs/testdemo/index.php/register'.</msg>
<status status="PASS" starttime="20171125 14:29:54.729" endtime="20171125 14:29:58.344"></status>
</kw>
<kw name="Click Element" library="SeleniumLibrary">
<doc>Click element identified by ``locator``.</doc>
<arguments>
<arg>id=btn_submit</arg>
</arguments>
<msg timestamp="20171125 14:29:58.345" level="INFO">Clicking element 'id=btn_submit'.</msg>
<status status="PASS" starttime="20171125 14:29:58.345" endtime="20171125 14:29:58.462"></status>
</kw>
<kw name="Wait Until Page Contains" library="SeleniumLibrary">
<doc>Waits until ``text`` appears on current page.</doc>
<arguments>
<arg>The Email field is required.</arg>
</arguments>
<status status="PASS" starttime="20171125 14:29:58.462" endtime="20171125 14:29:58.486"></status>
</kw>
<kw name="Wait Until Page Contains" library="SeleniumLibrary">
<doc>Waits until ``text`` appears on current page.</doc>
<arguments>
<arg>The Password field is required.</arg>
</arguments>
<status status="PASS" starttime="20171125 14:29:58.486" endtime="20171125 14:29:58.503"></status>
</kw>
<kw name="Wait Until Page Contains" library="SeleniumLibrary">
<doc>Waits until ``text`` appears on current page.</doc>
<arguments>
<arg>The Re-type Password field is required.</arg>
</arguments>
<status status="PASS" starttime="20171125 14:29:58.503" endtime="20171125 14:29:58.519"></status>
</kw>
<kw name="Wait Until Page Contains" library="SeleniumLibrary">
<doc>Waits until ``text`` appears on current page.</doc>
<arguments>
<arg>The Name field is required.</arg>
</arguments>
<status status="PASS" starttime="20171125 14:29:58.519" endtime="20171125 14:29:58.536"></status>
</kw>
<status status="PASS" starttime="20171125 14:29:54.729" endtime="20171125 14:29:58.536" critical="yes"></status>
</test>
<test id="s1-t2" name="Register successfully when input valid data">
<kw name="Open Browser" library="SeleniumLibrary">
<doc>Opens a new browser instance to the given ``url``.</doc>
<arguments>
<arg>http://angsila.cs.buu.ac.th/~wittawas/601/887240/labs/testdemo/index.php/register</arg>
<arg>chrome</arg>
</arguments>
<msg timestamp="20171125 14:29:58.537" level="INFO">Opening browser 'chrome' to base url 'http://angsila.cs.buu.ac.th/~wittawas/601/887240/labs/testdemo/index.php/register'.</msg>
<status status="PASS" starttime="20171125 14:29:58.537" endtime="20171125 14:30:02.149"></status>
</kw>
<kw name="Input Text" library="SeleniumLibrary">
<doc>Types the given ``text`` into text field identified by ``locator``.</doc>
<arguments>
<arg>id=email</arg>
<arg>ggg@gmail.com</arg>
</arguments>
<msg timestamp="20171125 14:30:02.149" level="INFO">Typing text 'ggg@gmail.com' into text field 'id=email'.</msg>
<status status="PASS" starttime="20171125 14:30:02.149" endtime="20171125 14:30:02.272"></status>
</kw>
<kw name="Input Password" library="SeleniumLibrary">
<doc>Types the given password into text field identified by ``locator``.</doc>
<arguments>
<arg>id=password</arg>
<arg>2222222</arg>
</arguments>
<msg timestamp="20171125 14:30:02.272" level="INFO">Typing password into text field 'id=password'.</msg>
<status status="PASS" starttime="20171125 14:30:02.272" endtime="20171125 14:30:02.348"></status>
</kw>
<kw name="Input Password" library="SeleniumLibrary">
<doc>Types the given password into text field identified by ``locator``.</doc>
<arguments>
<arg>id=repassword</arg>
<arg>2222222</arg>
</arguments>
<msg timestamp="20171125 14:30:02.348" level="INFO">Typing password into text field 'id=repassword'.</msg>
<status status="PASS" starttime="20171125 14:30:02.348" endtime="20171125 14:30:02.423"></status>
</kw>
<kw name="Input Text" library="SeleniumLibrary">
<doc>Types the given ``text`` into text field identified by ``locator``.</doc>
<arguments>
<arg>id=name</arg>
<arg>GG</arg>
</arguments>
<msg timestamp="20171125 14:30:02.424" level="INFO">Typing text 'GG' into text field 'id=name'.</msg>
<status status="PASS" starttime="20171125 14:30:02.423" endtime="20171125 14:30:02.493"></status>
</kw>
<kw name="Click Element" library="SeleniumLibrary">
<doc>Click element identified by ``locator``.</doc>
<arguments>
<arg>id=btn_submit</arg>
</arguments>
<msg timestamp="20171125 14:30:02.494" level="INFO">Clicking element 'id=btn_submit'.</msg>
<status status="PASS" starttime="20171125 14:30:02.493" endtime="20171125 14:30:02.664"></status>
</kw>
<kw name="Wait Until Page Contains" library="SeleniumLibrary">
<doc>Waits until ``text`` appears on current page.</doc>
<arguments>
<arg>ggg@gmail.com</arg>
</arguments>
<status status="PASS" starttime="20171125 14:30:02.664" endtime="20171125 14:30:02.686"></status>
</kw>
<status status="PASS" starttime="20171125 14:29:58.537" endtime="20171125 14:30:02.686" critical="yes"></status>
</test>
<kw name="Close All Browsers" library="SeleniumLibrary" type="teardown">
<doc>Closes all open browsers and resets the browser cache.</doc>
<status status="PASS" starttime="20171125 14:30:02.686" endtime="20171125 14:30:08.757"></status>
</kw>
<status status="PASS" starttime="20171125 14:29:54.639" endtime="20171125 14:30:08.757"></status>
</suite>
<statistics>
<total>
<stat pass="2" fail="0">Critical Tests</stat>
<stat pass="2" fail="0">All Tests</stat>
</total>
<tag>
</tag>
<suite>
<stat pass="2" fail="0" id="s1" name="Register.Spec">Register.Spec</stat>
</suite>
</statistics>
<errors>
</errors>
</robot>
